<!DOCTYPE html PUBLIC "-//W3C//DTD XHTML 1.1//EN" "https://www.w3.org/TR/xhtml11/DTD/xhtml11.dtd">
<html xmlns="https://www.w3.org/1999/xhtml">
<head>
<meta http-equiv="content-type" content="text/html; charset=UTF-8"/>
<title>TestNG Report</title>
<style type="text/css">table {margin-bottom:10px;border-collapse:collapse;empty-cells:show}th,td {border:1px solid #009;padding:.25em .5em}th {vertical-align:bottom}td {vertical-align:top}table a {font-weight:bold}.stripe td {background-color: #E6EBF9}.num {text-align:right}.passedodd td {background-color: #3F3}.passedeven td {background-color: #0A0}.skippedodd td {background-color: #DDD}.skippedeven td {background-color: #CCC}.failedodd td,.attn {background-color: #F33}.failedeven td,.stripe .attn {background-color: #D00}.stacktrace {white-space:pre;font-family:monospace}.totop {font-size:85%;text-align:center;border-bottom:2px solid #000}.invisible {display:none}</style>
</head>
<body>
<table>
<tr><th>Test</th><th># Passed</th><th># Skipped</th><th># Retried</th><th># Failed</th><th>Time (ms)</th><th>Included Groups</th><th>Excluded Groups</th></tr>
<tr><th colspan="8">Suite</th></tr>
<tr><td><a href="#t0">Test</a></td><td class="num">10</td><td class="num attn">2</td><td class="num">0</td><td class="num attn">1</td><td class="num">52,277</td><td></td><td></td></tr>
</table>
<table id='summary'><thead><tr><th>Class</th><th>Method</th><th>Start</th><th>Time (ms)</th></tr></thead><tbody><tr><th colspan="4">Suite</th></tr></tbody><tbody id="t0"><tr><th colspan="4">Test &#8212; failed</th></tr><tr class="failedeven"><td rowspan="1">tests.Search</td><td><a href="#m0">verifySearchingForExisitingProduct</a></td><td rowspan="1">1729788517796</td><td rowspan="1">637</td></tr><tr><th colspan="4">Test &#8212; skipped</th></tr><tr class="skippedeven"><td rowspan="1">tests.Logout</td><td><a href="#m1">verifyLogoutFromMyAccountMenu</a></td><td rowspan="1">1729788521286</td><td rowspan="1">1</td></tr><tr class="skippedodd"><td rowspan="1">tests.Search</td><td><a href="#m2">verifySearchingWithoutAnyProduct</a></td><td rowspan="1">1729788518741</td><td rowspan="1">0</td></tr><tr><th colspan="4">Test &#8212; passed</th></tr><tr class="passedeven"><td rowspan="7">tests.Login</td><td><a href="#m3">verifyLoginWithInvalidCredentials</a></td><td rowspan="1">1729788502586</td><td rowspan="1">860</td></tr><tr class="passedeven"><td><a href="#m4">verifyLoginWithInvalidEmailAndValidPassword</a></td><td rowspan="1">1729788506661</td><td rowspan="1">870</td></tr><tr class="passedeven"><td><a href="#m5">verifyLoginWithValidCredentials</a></td><td rowspan="3">1729788494068</td><td rowspan="3">1019</td></tr><tr class="passedeven"><td><a href="#m6">verifyLoginWithValidCredentials</a></td></tr><tr class="passedeven"><td><a href="#m7">verifyLoginWithValidCredentials</a></td></tr><tr class="passedeven"><td><a href="#m8">verifyLoginWithValidEmailAndInvalidPassword</a></td><td rowspan="1">1729788510555</td><td rowspan="1">770</td></tr><tr class="passedeven"><td><a href="#m9">verifyLoginWithoutCredentials</a></td><td rowspan="1">1729788514224</td><td rowspan="1">715</td></tr><tr class="passedodd"><td rowspan="3">tests.Register</td><td><a href="#m10">verifyRegisterAccountUsingAllFields</a></td><td rowspan="1">1729788478651</td><td rowspan="1">1609</td></tr><tr class="passedodd"><td><a href="#m11">verifyRegisterAccountUsingMandatoryFields</a></td><td rowspan="1">1729788473477</td><td rowspan="1">1522</td></tr><tr class="passedodd"><td><a href="#m12">verifyRegisterAccountWithoutAnyDetails</a></td><td rowspan="1">1729788485283</td><td rowspan="1">941</td></tr></tbody>
</table>
<h2>Test</h2><h3 id="m0">tests.Search#verifySearchingForExisitingProduct</h3><table class="result"><tr><th>Exception</th></tr><tr><td><div class="stacktrace">java.lang.AssertionError: expected [true] but found [false]
	at tests.Search.verifySearchingForExisitingProduct(Search.java:41)
	at java.base/java.util.ArrayList.forEach(ArrayList.java:1596)
... Removed 29 stack frames</div></td></tr></table><p class="totop"><a href="#summary">back to summary</a></p>
<h3 id="m1">tests.Logout#verifyLogoutFromMyAccountMenu</h3><table class="result"><tr><th>Exception</th></tr><tr><td><div class="stacktrace">org.testng.SkipException: The value of i is 1 and hence this test got skipped
	at tests.Logout.verifyLogoutFromMyAccountMenu(Logout.java:43)
	at java.base/java.util.ArrayList.forEach(ArrayList.java:1596)
... Removed 25 stack frames</div></td></tr></table><p class="totop"><a href="#summary">back to summary</a></p>
<h3 id="m2">tests.Search#verifySearchingWithoutAnyProduct</h3><table class="result"><tr><th>Exception</th></tr><tr><td><div class="stacktrace">java.lang.Throwable: Method tests.Search.verifySearchingWithoutAnyProduct() on instance tests.Search@10683d9d depends on not successfully finished methods 
[tests.Search.verifySearchingForExisitingProduct() on instance tests.Search@10683d9d]
	at java.base/java.util.ArrayList.forEach(ArrayList.java:1596)
... Removed 18 stack frames</div></td></tr></table><p class="totop"><a href="#summary">back to summary</a></p>
<h3 id="m3">tests.Login#verifyLoginWithInvalidCredentials</h3><table class="result"><tr><th class="invisible"/></tr></table><p class="totop"><a href="#summary">back to summary</a></p>
<h3 id="m4">tests.Login#verifyLoginWithInvalidEmailAndValidPassword</h3><table class="result"><tr><th class="invisible"/></tr></table><p class="totop"><a href="#summary">back to summary</a></p>
<h3 id="m5">tests.Login#verifyLoginWithValidCredentials</h3><table class="result"><tr class="param"><th>Parameter #1</th></tr><tr class="param stripe"><td>{Runmode=Y, ExpectedResult=Success, Username=amotooribatch11@gmail.com, Password=fghij}</td></tr></table><p class="totop"><a href="#summary">back to summary</a></p>
<h3 id="m6">tests.Login#verifyLoginWithValidCredentials</h3><table class="result"><tr class="param"><th>Parameter #1</th></tr><tr class="param stripe"><td>{Runmode=Y, ExpectedResult=Success, Username=amotooribatch1@gmail.com, Password=abcde}</td></tr></table><p class="totop"><a href="#summary">back to summary</a></p>
<h3 id="m7">tests.Login#verifyLoginWithValidCredentials</h3><table class="result"><tr class="param"><th>Parameter #1</th></tr><tr class="param stripe"><td>{Runmode=Y, ExpectedResult=Success, Username=amotooribatch111@gmail.com, Password=klmno}</td></tr></table><p class="totop"><a href="#summary">back to summary</a></p>
<h3 id="m8">tests.Login#verifyLoginWithValidEmailAndInvalidPassword</h3><table class="result"><tr><th class="invisible"/></tr></table><p class="totop"><a href="#summary">back to summary</a></p>
<h3 id="m9">tests.Login#verifyLoginWithoutCredentials</h3><table class="result"><tr><th class="invisible"/></tr></table><p class="totop"><a href="#summary">back to summary</a></p>
<h3 id="m10">tests.Register#verifyRegisterAccountUsingAllFields</h3><table class="result"><tr><th class="invisible"/></tr></table><p class="totop"><a href="#summary">back to summary</a></p>
<h3 id="m11">tests.Register#verifyRegisterAccountUsingMandatoryFields</h3><table class="result"><tr><th class="invisible"/></tr></table><p class="totop"><a href="#summary">back to summary</a></p>
<h3 id="m12">tests.Register#verifyRegisterAccountWithoutAnyDetails</h3><table class="result"><tr><th class="invisible"/></tr></table><p class="totop"><a href="#summary">back to summary</a></p>
</body>
</html>
