<?xml version="1.0" encoding="UTF-8"?>
<testng-results ignored="0" total="13" passed="10" failed="1" skipped="2">
  <reporter-output>
  </reporter-output>
  <suite started-at="2024-10-24T22:17:49 IST" name="Suite" finished-at="2024-10-24T22:18:41 IST" duration-ms="52277">
    <groups>
    </groups>
    <test started-at="2024-10-24T22:17:49 IST" name="Test" finished-at="2024-10-24T22:18:41 IST" duration-ms="52277">
      <class name="tests.Login">
        <test-method is-config="true" signature="setup()[pri:0, instance:tests.Login@6a78afa0]" started-at="2024-10-24T22:18:06 IST" name="setup" finished-at="2024-10-24T22:18:09 IST" duration-ms="3012" status="PASS">
          <reporter-output>
          </reporter-output>
        </test-method> <!-- setup -->
        <test-method signature="verifyLoginWithValidCredentials(java.util.HashMap)[pri:1, instance:tests.Login@6a78afa0]" started-at="2024-10-24T22:18:09 IST" name="verifyLoginWithValidCredentials" data-provider="loginDataSupplier" finished-at="2024-10-24T22:18:10 IST" duration-ms="1070" status="PASS">
          <params>
            <param index="0">
              <value>
                <![CDATA[{Runmode=Y, ExpectedResult=Success, Username=amotooribatch1@gmail.com, Password=abcde}]]>
              </value>
            </param>
          </params>
          <reporter-output>
          </reporter-output>
        </test-method> <!-- verifyLoginWithValidCredentials -->
        <test-method is-config="true" signature="teardown()[pri:0, instance:tests.Login@6a78afa0]" started-at="2024-10-24T22:18:10 IST" name="teardown" finished-at="2024-10-24T22:18:10 IST" duration-ms="145" status="PASS">
          <reporter-output>
          </reporter-output>
        </test-method> <!-- teardown -->
        <test-method is-config="true" signature="setup()[pri:0, instance:tests.Login@6a78afa0]" started-at="2024-10-24T22:18:10 IST" name="setup" finished-at="2024-10-24T22:18:14 IST" duration-ms="3133" status="PASS">
          <reporter-output>
          </reporter-output>
        </test-method> <!-- setup -->
        <test-method signature="verifyLoginWithValidCredentials(java.util.HashMap)[pri:1, instance:tests.Login@6a78afa0]" started-at="2024-10-24T22:18:14 IST" name="verifyLoginWithValidCredentials" data-provider="loginDataSupplier" finished-at="2024-10-24T22:18:15 IST" duration-ms="1019" status="PASS">
          <params>
            <param index="0">
              <value>
                <![CDATA[{Runmode=Y, ExpectedResult=Success, Username=amotooribatch11@gmail.com, Password=fghij}]]>
              </value>
            </param>
          </params>
          <reporter-output>
          </reporter-output>
        </test-method> <!-- verifyLoginWithValidCredentials -->
        <test-method is-config="true" signature="teardown()[pri:0, instance:tests.Login@6a78afa0]" started-at="2024-10-24T22:18:15 IST" name="teardown" finished-at="2024-10-24T22:18:15 IST" duration-ms="162" status="PASS">
          <reporter-output>
          </reporter-output>
        </test-method> <!-- teardown -->
        <test-method is-config="true" signature="setup()[pri:0, instance:tests.Login@6a78afa0]" started-at="2024-10-24T22:18:15 IST" name="setup" finished-at="2024-10-24T22:18:18 IST" duration-ms="2969" status="PASS">
          <reporter-output>
          </reporter-output>
        </test-method> <!-- setup -->
        <test-method signature="verifyLoginWithValidCredentials(java.util.HashMap)[pri:1, instance:tests.Login@6a78afa0]" started-at="2024-10-24T22:18:18 IST" name="verifyLoginWithValidCredentials" data-provider="loginDataSupplier" finished-at="2024-10-24T22:18:19 IST" duration-ms="1029" status="PASS">
          <params>
            <param index="0">
              <value>
                <![CDATA[{Runmode=Y, ExpectedResult=Success, Username=amotooribatch111@gmail.com, Password=klmno}]]>
              </value>
            </param>
          </params>
          <reporter-output>
          </reporter-output>
        </test-method> <!-- verifyLoginWithValidCredentials -->
        <test-method is-config="true" signature="teardown()[pri:0, instance:tests.Login@6a78afa0]" started-at="2024-10-24T22:18:19 IST" name="teardown" finished-at="2024-10-24T22:18:19 IST" duration-ms="156" status="PASS">
          <reporter-output>
          </reporter-output>
        </test-method> <!-- teardown -->
        <test-method is-config="true" signature="setup()[pri:0, instance:tests.Login@6a78afa0]" started-at="2024-10-24T22:18:19 IST" name="setup" finished-at="2024-10-24T22:18:22 IST" duration-ms="3179" status="PASS">
          <reporter-output>
          </reporter-output>
        </test-method> <!-- setup -->
        <test-method signature="verifyLoginWithInvalidCredentials()[pri:2, instance:tests.Login@6a78afa0]" started-at="2024-10-24T22:18:22 IST" name="verifyLoginWithInvalidCredentials" finished-at="2024-10-24T22:18:23 IST" duration-ms="860" status="PASS">
          <reporter-output>
          </reporter-output>
        </test-method> <!-- verifyLoginWithInvalidCredentials -->
        <test-method is-config="true" signature="teardown()[pri:0, instance:tests.Login@6a78afa0]" started-at="2024-10-24T22:18:23 IST" name="teardown" finished-at="2024-10-24T22:18:23 IST" duration-ms="165" status="PASS">
          <reporter-output>
          </reporter-output>
        </test-method> <!-- teardown -->
        <test-method is-config="true" signature="setup()[pri:0, instance:tests.Login@6a78afa0]" started-at="2024-10-24T22:18:23 IST" name="setup" finished-at="2024-10-24T22:18:26 IST" duration-ms="3047" status="PASS">
          <reporter-output>
          </reporter-output>
        </test-method> <!-- setup -->
        <test-method signature="verifyLoginWithInvalidEmailAndValidPassword()[pri:3, instance:tests.Login@6a78afa0]" started-at="2024-10-24T22:18:26 IST" name="verifyLoginWithInvalidEmailAndValidPassword" finished-at="2024-10-24T22:18:27 IST" duration-ms="870" status="PASS">
          <reporter-output>
          </reporter-output>
        </test-method> <!-- verifyLoginWithInvalidEmailAndValidPassword -->
        <test-method is-config="true" signature="teardown()[pri:0, instance:tests.Login@6a78afa0]" started-at="2024-10-24T22:18:27 IST" name="teardown" finished-at="2024-10-24T22:18:27 IST" duration-ms="169" status="PASS">
          <reporter-output>
          </reporter-output>
        </test-method> <!-- teardown -->
        <test-method is-config="true" signature="setup()[pri:0, instance:tests.Login@6a78afa0]" started-at="2024-10-24T22:18:27 IST" name="setup" finished-at="2024-10-24T22:18:30 IST" duration-ms="2852" status="PASS">
          <reporter-output>
          </reporter-output>
        </test-method> <!-- setup -->
        <test-method signature="verifyLoginWithValidEmailAndInvalidPassword()[pri:4, instance:tests.Login@6a78afa0]" started-at="2024-10-24T22:18:30 IST" name="verifyLoginWithValidEmailAndInvalidPassword" finished-at="2024-10-24T22:18:31 IST" duration-ms="770" status="PASS">
          <reporter-output>
          </reporter-output>
        </test-method> <!-- verifyLoginWithValidEmailAndInvalidPassword -->
        <test-method is-config="true" signature="teardown()[pri:0, instance:tests.Login@6a78afa0]" started-at="2024-10-24T22:18:31 IST" name="teardown" finished-at="2024-10-24T22:18:31 IST" duration-ms="141" status="PASS">
          <reporter-output>
          </reporter-output>
        </test-method> <!-- teardown -->
        <test-method is-config="true" signature="setup()[pri:0, instance:tests.Login@6a78afa0]" started-at="2024-10-24T22:18:31 IST" name="setup" finished-at="2024-10-24T22:18:34 IST" duration-ms="2756" status="PASS">
          <reporter-output>
          </reporter-output>
        </test-method> <!-- setup -->
        <test-method signature="verifyLoginWithoutCredentials()[pri:5, instance:tests.Login@6a78afa0]" started-at="2024-10-24T22:18:34 IST" name="verifyLoginWithoutCredentials" finished-at="2024-10-24T22:18:34 IST" duration-ms="715" status="PASS">
          <reporter-output>
          </reporter-output>
        </test-method> <!-- verifyLoginWithoutCredentials -->
        <test-method is-config="true" signature="teardown()[pri:0, instance:tests.Login@6a78afa0]" started-at="2024-10-24T22:18:34 IST" name="teardown" finished-at="2024-10-24T22:18:35 IST" duration-ms="154" status="PASS">
          <reporter-output>
          </reporter-output>
        </test-method> <!-- teardown -->
      </class> <!-- tests.Login -->
      <class name="tests.Logout">
        <test-method is-config="true" signature="setup()[pri:0, instance:tests.Logout@3fc2959f]" started-at="2024-10-24T22:18:38 IST" name="setup" finished-at="2024-10-24T22:18:41 IST" duration-ms="2543" status="PASS">
          <reporter-output>
          </reporter-output>
        </test-method> <!-- setup -->
        <test-method signature="verifyLogoutFromMyAccountMenu()[pri:1, instance:tests.Logout@3fc2959f]" started-at="2024-10-24T22:18:41 IST" name="verifyLogoutFromMyAccountMenu" finished-at="2024-10-24T22:18:41 IST" duration-ms="1" status="SKIP">
          <exception class="org.testng.SkipException">
            <message>
              <![CDATA[The value of i is 1 and hence this test got skipped]]>
            </message>
            <full-stacktrace>
              <![CDATA[org.testng.SkipException: The value of i is 1 and hence this test got skipped
at tests.Logout.verifyLogoutFromMyAccountMenu(Logout.java:43)
at java.base/jdk.internal.reflect.DirectMethodHandleAccessor.invoke(DirectMethodHandleAccessor.java:103)
at java.base/java.lang.reflect.Method.invoke(Method.java:580)
at org.testng.internal.invokers.MethodInvocationHelper.invokeMethod(MethodInvocationHelper.java:141)
at org.testng.internal.invokers.TestInvoker.invokeMethod(TestInvoker.java:686)
at org.testng.internal.invokers.TestInvoker.invokeTestMethod(TestInvoker.java:230)
at org.testng.internal.invokers.MethodRunner.runInSequence(MethodRunner.java:63)
at org.testng.internal.invokers.TestInvoker$MethodInvocationAgent.invoke(TestInvoker.java:992)
at org.testng.internal.invokers.TestInvoker.invokeTestMethods(TestInvoker.java:203)
at org.testng.internal.invokers.TestMethodWorker.invokeTestMethods(TestMethodWorker.java:154)
at org.testng.internal.invokers.TestMethodWorker.run(TestMethodWorker.java:134)
at java.base/java.util.ArrayList.forEach(ArrayList.java:1596)
at org.testng.TestRunner.privateRun(TestRunner.java:739)
at org.testng.TestRunner.run(TestRunner.java:614)
at org.testng.SuiteRunner.runTest(SuiteRunner.java:421)
at org.testng.SuiteRunner.runSequentially(SuiteRunner.java:413)
at org.testng.SuiteRunner.privateRun(SuiteRunner.java:373)
at org.testng.SuiteRunner.run(SuiteRunner.java:312)
at org.testng.SuiteRunnerWorker.runSuite(SuiteRunnerWorker.java:52)
at org.testng.SuiteRunnerWorker.run(SuiteRunnerWorker.java:95)
at org.testng.TestNG.runSuitesSequentially(TestNG.java:1274)
at org.testng.TestNG.runSuitesLocally(TestNG.java:1208)
at org.testng.TestNG.runSuites(TestNG.java:1112)
at org.testng.TestNG.run(TestNG.java:1079)
at org.testng.remote.AbstractRemoteTestNG.run(AbstractRemoteTestNG.java:115)
at org.testng.remote.RemoteTestNG.initAndRun(RemoteTestNG.java:293)
at org.testng.remote.RemoteTestNG.main(RemoteTestNG.java:91)
]]>
            </full-stacktrace>
          </exception> <!-- org.testng.SkipException -->
          <reporter-output>
          </reporter-output>
        </test-method> <!-- verifyLogoutFromMyAccountMenu -->
        <test-method is-config="true" signature="teardown()[pri:0, instance:tests.Logout@3fc2959f]" started-at="2024-10-24T22:18:41 IST" name="teardown" finished-at="2024-10-24T22:18:41 IST" duration-ms="123" status="PASS">
          <reporter-output>
          </reporter-output>
        </test-method> <!-- teardown -->
      </class> <!-- tests.Logout -->
      <class name="tests.Search">
        <test-method is-config="true" signature="setup()[pri:0, instance:tests.Search@10683d9d]" started-at="2024-10-24T22:18:35 IST" name="setup" finished-at="2024-10-24T22:18:37 IST" duration-ms="2699" status="PASS">
          <reporter-output>
          </reporter-output>
        </test-method> <!-- setup -->
        <test-method signature="verifySearchingForExisitingProduct()[pri:1, instance:tests.Search@10683d9d]" started-at="2024-10-24T22:18:37 IST" name="verifySearchingForExisitingProduct" finished-at="2024-10-24T22:18:38 IST" duration-ms="637" status="FAIL">
          <exception class="java.lang.AssertionError">
            <message>
              <![CDATA[expected [true] but found [false]]]>
            </message>
            <full-stacktrace>
              <![CDATA[java.lang.AssertionError: expected [true] but found [false]
at org.testng.Assert.fail(Assert.java:111)
at org.testng.Assert.failNotEquals(Assert.java:1578)
at org.testng.Assert.assertTrue(Assert.java:57)
at org.testng.Assert.assertTrue(Assert.java:67)
at tests.Search.verifySearchingForExisitingProduct(Search.java:41)
at java.base/jdk.internal.reflect.DirectMethodHandleAccessor.invoke(DirectMethodHandleAccessor.java:103)
at java.base/java.lang.reflect.Method.invoke(Method.java:580)
at org.testng.internal.invokers.MethodInvocationHelper.invokeMethod(MethodInvocationHelper.java:141)
at org.testng.internal.invokers.TestInvoker.invokeMethod(TestInvoker.java:686)
at org.testng.internal.invokers.TestInvoker.invokeTestMethod(TestInvoker.java:230)
at org.testng.internal.invokers.MethodRunner.runInSequence(MethodRunner.java:63)
at org.testng.internal.invokers.TestInvoker$MethodInvocationAgent.invoke(TestInvoker.java:992)
at org.testng.internal.invokers.TestInvoker.invokeTestMethods(TestInvoker.java:203)
at org.testng.internal.invokers.TestMethodWorker.invokeTestMethods(TestMethodWorker.java:154)
at org.testng.internal.invokers.TestMethodWorker.run(TestMethodWorker.java:134)
at java.base/java.util.ArrayList.forEach(ArrayList.java:1596)
at org.testng.TestRunner.privateRun(TestRunner.java:739)
at org.testng.TestRunner.run(TestRunner.java:614)
at org.testng.SuiteRunner.runTest(SuiteRunner.java:421)
at org.testng.SuiteRunner.runSequentially(SuiteRunner.java:413)
at org.testng.SuiteRunner.privateRun(SuiteRunner.java:373)
at org.testng.SuiteRunner.run(SuiteRunner.java:312)
at org.testng.SuiteRunnerWorker.runSuite(SuiteRunnerWorker.java:52)
at org.testng.SuiteRunnerWorker.run(SuiteRunnerWorker.java:95)
at org.testng.TestNG.runSuitesSequentially(TestNG.java:1274)
at org.testng.TestNG.runSuitesLocally(TestNG.java:1208)
at org.testng.TestNG.runSuites(TestNG.java:1112)
at org.testng.TestNG.run(TestNG.java:1079)
at org.testng.remote.AbstractRemoteTestNG.run(AbstractRemoteTestNG.java:115)
at org.testng.remote.RemoteTestNG.initAndRun(RemoteTestNG.java:293)
at org.testng.remote.RemoteTestNG.main(RemoteTestNG.java:91)
]]>
            </full-stacktrace>
          </exception> <!-- java.lang.AssertionError -->
          <reporter-output>
          </reporter-output>
        </test-method> <!-- verifySearchingForExisitingProduct -->
        <test-method is-config="true" signature="teardown()[pri:0, instance:tests.Search@10683d9d]" started-at="2024-10-24T22:18:38 IST" name="teardown" finished-at="2024-10-24T22:18:38 IST" duration-ms="149" status="PASS">
          <reporter-output>
          </reporter-output>
        </test-method> <!-- teardown -->
        <test-method signature="verifySearchingWithoutAnyProduct()[pri:3, instance:tests.Search@10683d9d]" started-at="2024-10-24T22:18:38 IST" name="verifySearchingWithoutAnyProduct" finished-at="2024-10-24T22:18:38 IST" depends-on-methods="tests.Search.verifySearchingForExisitingProduct" duration-ms="0" status="SKIP">
          <exception class="java.lang.Throwable">
            <message>
              <![CDATA[Method tests.Search.verifySearchingWithoutAnyProduct() on instance tests.Search@10683d9d depends on not successfully finished methods 
[tests.Search.verifySearchingForExisitingProduct() on instance tests.Search@10683d9d]]]>
            </message>
            <full-stacktrace>
              <![CDATA[java.lang.Throwable: Method tests.Search.verifySearchingWithoutAnyProduct() on instance tests.Search@10683d9d depends on not successfully finished methods 
[tests.Search.verifySearchingForExisitingProduct() on instance tests.Search@10683d9d]
at org.testng.internal.invokers.TestInvoker.invokeTestMethods(TestInvoker.java:159)
at org.testng.internal.invokers.TestMethodWorker.invokeTestMethods(TestMethodWorker.java:154)
at org.testng.internal.invokers.TestMethodWorker.run(TestMethodWorker.java:134)
at java.base/java.util.ArrayList.forEach(ArrayList.java:1596)
at org.testng.TestRunner.privateRun(TestRunner.java:739)
at org.testng.TestRunner.run(TestRunner.java:614)
at org.testng.SuiteRunner.runTest(SuiteRunner.java:421)
at org.testng.SuiteRunner.runSequentially(SuiteRunner.java:413)
at org.testng.SuiteRunner.privateRun(SuiteRunner.java:373)
at org.testng.SuiteRunner.run(SuiteRunner.java:312)
at org.testng.SuiteRunnerWorker.runSuite(SuiteRunnerWorker.java:52)
at org.testng.SuiteRunnerWorker.run(SuiteRunnerWorker.java:95)
at org.testng.TestNG.runSuitesSequentially(TestNG.java:1274)
at org.testng.TestNG.runSuitesLocally(TestNG.java:1208)
at org.testng.TestNG.runSuites(TestNG.java:1112)
at org.testng.TestNG.run(TestNG.java:1079)
at org.testng.remote.AbstractRemoteTestNG.run(AbstractRemoteTestNG.java:115)
at org.testng.remote.RemoteTestNG.initAndRun(RemoteTestNG.java:293)
at org.testng.remote.RemoteTestNG.main(RemoteTestNG.java:91)
]]>
            </full-stacktrace>
          </exception> <!-- java.lang.Throwable -->
          <reporter-output>
          </reporter-output>
        </test-method> <!-- verifySearchingWithoutAnyProduct -->
      </class> <!-- tests.Search -->
      <class name="tests.Register">
        <test-method is-config="true" signature="setup()[pri:0, instance:tests.Register@4802796d]" started-at="2024-10-24T22:17:49 IST" name="setup" finished-at="2024-10-24T22:17:53 IST" duration-ms="4107" status="PASS">
          <reporter-output>
          </reporter-output>
        </test-method> <!-- setup -->
        <test-method signature="verifyRegisterAccountUsingMandatoryFields()[pri:1, instance:tests.Register@4802796d]" started-at="2024-10-24T22:17:53 IST" name="verifyRegisterAccountUsingMandatoryFields" finished-at="2024-10-24T22:17:54 IST" duration-ms="1522" status="PASS">
          <reporter-output>
          </reporter-output>
        </test-method> <!-- verifyRegisterAccountUsingMandatoryFields -->
        <test-method is-config="true" signature="teardown()[pri:0, instance:tests.Register@4802796d]" started-at="2024-10-24T22:17:55 IST" name="teardown" finished-at="2024-10-24T22:17:55 IST" duration-ms="149" status="PASS">
          <reporter-output>
          </reporter-output>
        </test-method> <!-- teardown -->
        <test-method is-config="true" signature="setup()[pri:0, instance:tests.Register@4802796d]" started-at="2024-10-24T22:17:55 IST" name="setup" finished-at="2024-10-24T22:17:58 IST" duration-ms="3496" status="PASS">
          <reporter-output>
          </reporter-output>
        </test-method> <!-- setup -->
        <test-method signature="verifyRegisterAccountUsingAllFields()[pri:2, instance:tests.Register@4802796d]" started-at="2024-10-24T22:17:58 IST" name="verifyRegisterAccountUsingAllFields" finished-at="2024-10-24T22:18:00 IST" duration-ms="1609" status="PASS">
          <reporter-output>
          </reporter-output>
        </test-method> <!-- verifyRegisterAccountUsingAllFields -->
        <test-method is-config="true" signature="teardown()[pri:0, instance:tests.Register@4802796d]" started-at="2024-10-24T22:18:00 IST" name="teardown" finished-at="2024-10-24T22:18:00 IST" duration-ms="157" status="PASS">
          <reporter-output>
          </reporter-output>
        </test-method> <!-- teardown -->
        <test-method is-config="true" signature="setup()[pri:0, instance:tests.Register@4802796d]" started-at="2024-10-24T22:18:00 IST" name="setup" finished-at="2024-10-24T22:18:05 IST" duration-ms="4862" status="PASS">
          <reporter-output>
          </reporter-output>
        </test-method> <!-- setup -->
        <test-method signature="verifyRegisterAccountWithoutAnyDetails()[pri:3, instance:tests.Register@4802796d]" started-at="2024-10-24T22:18:05 IST" name="verifyRegisterAccountWithoutAnyDetails" finished-at="2024-10-24T22:18:06 IST" duration-ms="941" status="PASS">
          <reporter-output>
          </reporter-output>
        </test-method> <!-- verifyRegisterAccountWithoutAnyDetails -->
        <test-method is-config="true" signature="teardown()[pri:0, instance:tests.Register@4802796d]" started-at="2024-10-24T22:18:06 IST" name="teardown" finished-at="2024-10-24T22:18:06 IST" duration-ms="154" status="PASS">
          <reporter-output>
          </reporter-output>
        </test-method> <!-- teardown -->
      </class> <!-- tests.Register -->
    </test> <!-- Test -->
  </suite> <!-- Suite -->
</testng-results>
